[1.00ms] CREATE TABLE IF NOT EXISTS `_migrations` (file VARCHAR(255) PRIMARY KEY NOT NULL, applied INTEGER NOT NULL)
[0.00ms] SELECT (1) FROM `_migrations` WHERE `file`='1640988000_aux_init.go' LIMIT 1
[0.00ms] SELECT (1) FROM `_migrations` WHERE `file`='1640988000_init.go' LIMIT 1
[0.00ms] SELECT (1) FROM `_migrations` WHERE `file`='1717233556_v0.23_migrate.go' LIMIT 1
[0.00ms] SELECT (1) FROM `_migrations` WHERE `file`='1717233557_v0.23_migrate2.go' LIMIT 1
[0.00ms] SELECT (1) FROM `_migrations` WHERE `file`='1717233558_v0.23_migrate3.go' LIMIT 1
[0.00ms] SELECT (1) FROM `_migrations` WHERE `file`='1717233559_v0.23_migrate4.go' LIMIT 1
[0.00ms] SELECT (1) FROM `_migrations` WHERE `file`='1763020353_update_default_auth_alert_templates.go' LIMIT 1
[0.00ms] SELECT `_collections`.* FROM `_collections` ORDER BY `rowid` ASC
[0.00ms] SELECT `_params`.* FROM `_params` WHERE `id`='settings'
[0.00ms] SELECT `_collections`.* FROM `_collections` ORDER BY `rowid` ASC
[0.00ms] CREATE TABLE IF NOT EXISTS `_migrations` (file VARCHAR(255) PRIMARY KEY NOT NULL, applied INTEGER NOT NULL)
[0.00ms] SELECT (1) FROM `_migrations` WHERE `file`='1640988000_aux_init.go' LIMIT 1
[0.00ms] SELECT (1) FROM `_migrations` WHERE `file`='1640988000_init.go' LIMIT 1
[0.00ms] SELECT (1) FROM `_migrations` WHERE `file`='1717233556_v0.23_migrate.go' LIMIT 1
[0.00ms] SELECT (1) FROM `_migrations` WHERE `file`='1717233557_v0.23_migrate2.go' LIMIT 1
[0.00ms] SELECT (1) FROM `_migrations` WHERE `file`='1717233558_v0.23_migrate3.go' LIMIT 1
[0.00ms] SELECT (1) FROM `_migrations` WHERE `file`='1717233559_v0.23_migrate4.go' LIMIT 1
[0.00ms] SELECT (1) FROM `_migrations` WHERE `file`='1763020353_update_default_auth_alert_templates.go' LIMIT 1
[0.00ms] SELECT (1) FROM `_migrations` WHERE `file`='1770984703_collections_snapshot.go' LIMIT 1
[0.00ms] SELECT (1) FROM `_migrations` WHERE `file`='1770985433_marketing_schema.go' LIMIT 1
2026/02/13 21:14:25 Server started at http://127.0.0.1:8090
├─ REST API:  http://127.0.0.1:8090/api/
└─ Dashboard: http://127.0.0.1:8090/_/
[0.00ms] SELECT count(*) FROM `_superusers` WHERE NOT (`email`='__pbinstaller@example.com')
ERROR POST /api/admins/auth-with-password
└─ The requested resource wasn't found.
[0.00ms] SELECT `users`.* FROM `users` WHERE `email`='admin@admin.com' LIMIT 1
[0.00ms] SELECT `_authOrigins`.* FROM `_authOrigins` WHERE `collectionRef`='_pb_users_auth_' AND `recordRef`='0e03hpvq0k1xkbu' ORDER BY `created` DESC
[0.00ms] SELECT `_collections`.* FROM `_collections` WHERE `id`='_pb_users_auth_'
[0.00ms] SELECT (1) FROM `users` WHERE `id`='0e03hpvq0k1xkbu' LIMIT 1
[0.00ms] UPDATE `_authOrigins` SET `collectionRef`='_pb_users_auth_', `created`='2026-02-13 13:45:36.064Z', `fingerprint`='d70bc270bd27d77c74c413de3e587796', `id`='j8n813a7dlcv4ps', `recordRef`='0e03hpvq0k1xkbu', `updated`='2026-02-13 14:14:27.161Z' WHERE `id`='j8n813a7dlcv4ps'
INFO POST /api/collections/users/auth-with-password
[0.00ms] SELECT `users`.* FROM `users` WHERE `users`.`id`='0e03hpvq0k1xkbu' LIMIT 1
ERROR GET /api/collections?perPage=200
└─ The authorized record is not allowed to perform this action.
[0.00ms] SELECT `users`.* FROM `users` WHERE `users`.`id`='0e03hpvq0k1xkbu' LIMIT 1
[0.00ms] SELECT `_collections`.* FROM `_collections` ORDER BY `rowid` ASC
INFO GET /api/tmcp/collections
[0.00ms] SELECT `_superusers`.* FROM `_superusers` WHERE `_superusers`.`id`='h21z5o4dreouhpb' LIMIT 1
INFO POST /api/collections/_superusers/auth-refresh
[0.00ms] SELECT `_superusers`.* FROM `_superusers` WHERE `_superusers`.`id`='h21z5o4dreouhpb' LIMIT 1
INFO GET /api/settings
[0.00ms] SELECT `_superusers`.* FROM `_superusers` WHERE `_superusers`.`id`='h21z5o4dreouhpb' LIMIT 1
[0.00ms] SELECT `_superusers`.* FROM `_superusers` WHERE `_superusers`.`id`='h21z5o4dreouhpb' LIMIT 1
[0.00ms] SELECT `_collections`.* FROM `_collections` LIMIT 1000
INFO GET /api/collections/meta/scaffolds
INFO GET /api/collections?page=1&perPage=1000&skipTotal=1
[0.00ms] SELECT `_superusers`.* FROM `_superusers` WHERE `_superusers`.`id`='h21z5o4dreouhpb' LIMIT 1
INFO GET /api/settings
[0.00ms] SELECT `_superusers`.* FROM `_superusers` WHERE `_superusers`.`id`='h21z5o4dreouhpb' LIMIT 1
[0.00ms] SELECT `users`.* FROM `users` ORDER BY `users`.`_rowid_` DESC LIMIT 40
INFO GET /api/collections/_pb_users_auth_/records?page=1&perPage=40&sort=-@rowid&skipTotal=1&filter=&expand=&fields=
[0.00ms] SELECT `_superusers`.* FROM `_superusers` WHERE `_superusers`.`id`='h21z5o4dreouhpb' LIMIT 1
[0.00ms] SELECT `users`.* FROM `users` LIMIT 1
[0.00ms] SELECT COUNT(DISTINCT `users`.`_rowid_`) FROM `users`
INFO GET /api/collections/_pb_users_auth_/records?page=1&perPage=1&filter=&fields=id
[0.00ms] SELECT `_superusers`.* FROM `_superusers` WHERE `_superusers`.`id`='h21z5o4dreouhpb' LIMIT 1
[0.00ms] SELECT `_superusers`.* FROM `_superusers` WHERE `_superusers`.`id`='h21z5o4dreouhpb' LIMIT 1
[0.00ms] SELECT `_superusers`.* FROM `_superusers` WHERE `_superusers`.`id`='h21z5o4dreouhpb' LIMIT 1
ERROR POST /api/admins/auth-with-password
└─ The requested resource wasn't found.
[0.00ms] SELECT `users`.* FROM `users` WHERE `email`='admin@admin.com' LIMIT 1
[0.00ms] SELECT `_authOrigins`.* FROM `_authOrigins` WHERE `collectionRef`='_pb_users_auth_' AND `recordRef`='0e03hpvq0k1xkbu' ORDER BY `created` DESC
[0.00ms] SELECT `_collections`.* FROM `_collections` WHERE `id`='_pb_users_auth_'
[0.00ms] SELECT (1) FROM `users` WHERE `id`='0e03hpvq0k1xkbu' LIMIT 1
[0.00ms] UPDATE `_authOrigins` SET `collectionRef`='_pb_users_auth_', `created`='2026-02-13 13:45:36.064Z', `fingerprint`='d70bc270bd27d77c74c413de3e587796', `id`='j8n813a7dlcv4ps', `recordRef`='0e03hpvq0k1xkbu', `updated`='2026-02-13 14:19:49.993Z' WHERE `id`='j8n813a7dlcv4ps'
INFO POST /api/collections/users/auth-with-password
[0.00ms] SELECT `users`.* FROM `users` WHERE `users`.`id`='0e03hpvq0k1xkbu' LIMIT 1
ERROR GET /api/collections?perPage=200
└─ The authorized record is not allowed to perform this action.
[0.00ms] SELECT `users`.* FROM `users` WHERE `users`.`id`='0e03hpvq0k1xkbu' LIMIT 1
[0.00ms] SELECT `_collections`.* FROM `_collections` ORDER BY `rowid` ASC
INFO GET /api/tmcp/collections
[0.00ms] SELECT `_superusers`.* FROM `_superusers` WHERE `_superusers`.`id`='h21z5o4dreouhpb' LIMIT 1
[0.00ms] SELECT `_superusers`.* FROM `_superusers` WHERE `_superusers`.`id`='h21z5o4dreouhpb' LIMIT 1
[0.00ms] SELECT `_superusers`.* FROM `_superusers` WHERE `_superusers`.`id`='h21z5o4dreouhpb' LIMIT 1
[0.00ms] SELECT `_superusers`.* FROM `_superusers` WHERE `_superusers`.`id`='h21z5o4dreouhpb' LIMIT 1
[0.00ms] SELECT `_superusers`.* FROM `_superusers` WHERE `_superusers`.`id`='h21z5o4dreouhpb' LIMIT 1
[0.00ms] SELECT `_superusers`.* FROM `_superusers` WHERE `_superusers`.`id`='h21z5o4dreouhpb' LIMIT 1
[0.00ms] SELECT `_superusers`.* FROM `_superusers` WHERE `_superusers`.`id`='h21z5o4dreouhpb' LIMIT 1
[1.00ms] SELECT `_superusers`.* FROM `_superusers` WHERE `_superusers`.`id`='h21z5o4dreouhpb' LIMIT 1
[0.00ms] SELECT `_superusers`.* FROM `_superusers` WHERE `_superusers`.`id`='h21z5o4dreouhpb' LIMIT 1
[0.00ms] SELECT `_superusers`.* FROM `_superusers` WHERE `_superusers`.`id`='h21z5o4dreouhpb' LIMIT 1
[0.00ms] SELECT `_superusers`.* FROM `_superusers` WHERE `_superusers`.`id`='h21z5o4dreouhpb' LIMIT 1
[0.00ms] SELECT `_superusers`.* FROM `_superusers` WHERE `_superusers`.`id`='h21z5o4dreouhpb' LIMIT 1
[0.00ms] SELECT `_superusers`.* FROM `_superusers` WHERE `_superusers`.`id`='h21z5o4dreouhpb' LIMIT 1
[0.00ms] SELECT `_superusers`.* FROM `_superusers` WHERE `_superusers`.`id`='h21z5o4dreouhpb' LIMIT 1
[0.00ms] SELECT `_superusers`.* FROM `_superusers` WHERE `_superusers`.`id`='h21z5o4dreouhpb' LIMIT 1
[0.00ms] SELECT `_superusers`.* FROM `_superusers` WHERE `_superusers`.`id`='h21z5o4dreouhpb' LIMIT 1
ERROR POST /api/admins/auth-with-password
└─ The requested resource wasn't found.
[16.00ms] SELECT `users`.* FROM `users` WHERE `email`='admin@admin.com' LIMIT 1
[0.00ms] SELECT `_authOrigins`.* FROM `_authOrigins` WHERE `collectionRef`='_pb_users_auth_' AND `recordRef`='0e03hpvq0k1xkbu' ORDER BY `created` DESC
[0.00ms] SELECT `_collections`.* FROM `_collections` WHERE `id`='_pb_users_auth_'
[0.00ms] SELECT (1) FROM `users` WHERE `id`='0e03hpvq0k1xkbu' LIMIT 1
[0.00ms] UPDATE `_authOrigins` SET `collectionRef`='_pb_users_auth_', `created`='2026-02-13 13:45:36.064Z', `fingerprint`='d70bc270bd27d77c74c413de3e587796', `id`='j8n813a7dlcv4ps', `recordRef`='0e03hpvq0k1xkbu', `updated`='2026-02-13 14:46:11.203Z' WHERE `id`='j8n813a7dlcv4ps'
INFO POST /api/collections/users/auth-with-password
[0.00ms] SELECT `users`.* FROM `users` WHERE `users`.`id`='0e03hpvq0k1xkbu' LIMIT 1
ERROR GET /api/collections?perPage=200
└─ The authorized record is not allowed to perform this action.
[0.00ms] SELECT `users`.* FROM `users` WHERE `users`.`id`='0e03hpvq0k1xkbu' LIMIT 1
[0.00ms] SELECT `_collections`.* FROM `_collections` ORDER BY `rowid` ASC
INFO GET /api/tmcp/collections
[4.00ms] SELECT `_superusers`.* FROM `_superusers` WHERE `_superusers`.`id`='h21z5o4dreouhpb' LIMIT 1
[1.00ms] SELECT `_superusers`.* FROM `_superusers` WHERE `_superusers`.`id`='h21z5o4dreouhpb' LIMIT 1
INFO POST /api/collections/_superusers/auth-refresh
INFO GET /api/settings
[0.00ms] SELECT `_superusers`.* FROM `_superusers` WHERE `_superusers`.`id`='h21z5o4dreouhpb' LIMIT 1
[2.00ms] SELECT `_superusers`.* FROM `_superusers` WHERE `_superusers`.`id`='h21z5o4dreouhpb' LIMIT 1
[0.00ms] SELECT `_superusers`.* FROM `_superusers` WHERE `_superusers`.`id`='h21z5o4dreouhpb' LIMIT 1
[0.00ms] SELECT `_superusers`.* FROM `_superusers` WHERE `_superusers`.`id`='h21z5o4dreouhpb' LIMIT 1
INFO GET /api/settings
[0.00ms] SELECT `_superusers`.* FROM `_superusers` WHERE `_superusers`.`id`='h21z5o4dreouhpb' LIMIT 1
INFO POST /api/collections/_superusers/auth-refresh
[0.00ms] SELECT `_superusers`.* FROM `_superusers` WHERE `_superusers`.`id`='h21z5o4dreouhpb' LIMIT 1
INFO GET /api/settings
[0.00ms] SELECT `_superusers`.* FROM `_superusers` WHERE `_superusers`.`id`='h21z5o4dreouhpb' LIMIT 1
[0.00ms] SELECT `_superusers`.* FROM `_superusers` WHERE `_superusers`.`id`='h21z5o4dreouhpb' LIMIT 1
[0.00ms] SELECT `_superusers`.* FROM `_superusers` WHERE `_superusers`.`id`='h21z5o4dreouhpb' LIMIT 1
[0.00ms] SELECT `_superusers`.* FROM `_superusers` WHERE `_superusers`.`id`='h21z5o4dreouhpb' LIMIT 1
INFO GET /api/settings
signal: killed
